<?xml version="1.0" encoding="UTF-8"?>
<!-- Generated by org.testng.reporters.JUnitReportReporter -->
<testsuite hostname="LAPTOP-JD69FUKL" failures="0" tests="1" name="finalproject.indexpagetest" time="66.132" errors="0" timestamp="2023-09-18T15:49:18 IST" skipped="0">
  <testcase classname="finalproject.indexpagetest" name="loginTest" time="66.132"/>
</testsuite> <!-- finalproject.indexpagetest -->
